Start testing: Feb 16 15:56 +05
----------------------------------------------------------
1/9 Testing: Runs
1/9 Test: Runs
Command: "/home/ruslan/Examples/cxx/cmake/Help/guide/tutorial/Step9/Tutorial" "25"
Directory: /home/ruslan/Examples/cxx/cmake/Help/guide/tutorial/Step9
"Runs" start time: Feb 16 15:56 +05
Output:
----------------------------------------------------------
Computing sqrt of 25 to be 13
Computing sqrt of 25 to be 7.46154
Computing sqrt of 25 to be 5.40603
Computing sqrt of 25 to be 5.01525
Computing sqrt of 25 to be 5.00002
Computing sqrt of 25 to be 5
Computing sqrt of 25 to be 5
Computing sqrt of 25 to be 5
Computing sqrt of 25 to be 5
Computing sqrt of 25 to be 5
The square root of 25 is 5
<end of output>
Test time =   0.00 sec
----------------------------------------------------------
Test Passed.
"Runs" end time: Feb 16 15:56 +05
"Runs" time elapsed: 00:00:00
----------------------------------------------------------

2/9 Testing: Usage
2/9 Test: Usage
Command: "/home/ruslan/Examples/cxx/cmake/Help/guide/tutorial/Step9/Tutorial"
Directory: /home/ruslan/Examples/cxx/cmake/Help/guide/tutorial/Step9
"Usage" start time: Feb 16 15:56 +05
Output:
----------------------------------------------------------
/home/ruslan/Examples/cxx/cmake/Help/guide/tutorial/Step9/Tutorial Version 1.0
Usage: /home/ruslan/Examples/cxx/cmake/Help/guide/tutorial/Step9/Tutorial number
<end of output>
Test time =   0.00 sec
----------------------------------------------------------
Test Pass Reason:
Required regular expression found. Regex=[Usage:.*number]
"Usage" end time: Feb 16 15:56 +05
"Usage" time elapsed: 00:00:00
----------------------------------------------------------

3/9 Testing: Comp4
3/9 Test: Comp4
Command: "/home/ruslan/Examples/cxx/cmake/Help/guide/tutorial/Step9/Tutorial" "4"
Directory: /home/ruslan/Examples/cxx/cmake/Help/guide/tutorial/Step9
"Comp4" start time: Feb 16 15:56 +05
Output:
----------------------------------------------------------
Use the table to help find an initial value 
Computing sqrt of 4 to be 2
Computing sqrt of 4 to be 2
Computing sqrt of 4 to be 2
Computing sqrt of 4 to be 2
Computing sqrt of 4 to be 2
Computing sqrt of 4 to be 2
Computing sqrt of 4 to be 2
Computing sqrt of 4 to be 2
Computing sqrt of 4 to be 2
Computing sqrt of 4 to be 2
The square root of 4 is 2
<end of output>
Test time =   0.00 sec
----------------------------------------------------------
Test Pass Reason:
Required regular expression found. Regex=[4 is 2]
"Comp4" end time: Feb 16 15:56 +05
"Comp4" time elapsed: 00:00:00
----------------------------------------------------------

4/9 Testing: Comp9
4/9 Test: Comp9
Command: "/home/ruslan/Examples/cxx/cmake/Help/guide/tutorial/Step9/Tutorial" "9"
Directory: /home/ruslan/Examples/cxx/cmake/Help/guide/tutorial/Step9
"Comp9" start time: Feb 16 15:56 +05
Output:
----------------------------------------------------------
Use the table to help find an initial value 
Computing sqrt of 9 to be 3
Computing sqrt of 9 to be 3
Computing sqrt of 9 to be 3
Computing sqrt of 9 to be 3
Computing sqrt of 9 to be 3
Computing sqrt of 9 to be 3
Computing sqrt of 9 to be 3
Computing sqrt of 9 to be 3
Computing sqrt of 9 to be 3
Computing sqrt of 9 to be 3
The square root of 9 is 3
<end of output>
Test time =   0.00 sec
----------------------------------------------------------
Test Pass Reason:
Required regular expression found. Regex=[9 is 3]
"Comp9" end time: Feb 16 15:56 +05
"Comp9" time elapsed: 00:00:00
----------------------------------------------------------

5/9 Testing: Comp5
5/9 Test: Comp5
Command: "/home/ruslan/Examples/cxx/cmake/Help/guide/tutorial/Step9/Tutorial" "5"
Directory: /home/ruslan/Examples/cxx/cmake/Help/guide/tutorial/Step9
"Comp5" start time: Feb 16 15:56 +05
Output:
----------------------------------------------------------
Use the table to help find an initial value 
Computing sqrt of 5 to be 2.23607
Computing sqrt of 5 to be 2.23607
Computing sqrt of 5 to be 2.23607
Computing sqrt of 5 to be 2.23607
Computing sqrt of 5 to be 2.23607
Computing sqrt of 5 to be 2.23607
Computing sqrt of 5 to be 2.23607
Computing sqrt of 5 to be 2.23607
Computing sqrt of 5 to be 2.23607
Computing sqrt of 5 to be 2.23607
The square root of 5 is 2.23607
<end of output>
Test time =   0.00 sec
----------------------------------------------------------
Test Pass Reason:
Required regular expression found. Regex=[5 is 2.236]
"Comp5" end time: Feb 16 15:56 +05
"Comp5" time elapsed: 00:00:00
----------------------------------------------------------

6/9 Testing: Comp7
6/9 Test: Comp7
Command: "/home/ruslan/Examples/cxx/cmake/Help/guide/tutorial/Step9/Tutorial" "7"
Directory: /home/ruslan/Examples/cxx/cmake/Help/guide/tutorial/Step9
"Comp7" start time: Feb 16 15:56 +05
Output:
----------------------------------------------------------
Use the table to help find an initial value 
Computing sqrt of 7 to be 2.64575
Computing sqrt of 7 to be 2.64575
Computing sqrt of 7 to be 2.64575
Computing sqrt of 7 to be 2.64575
Computing sqrt of 7 to be 2.64575
Computing sqrt of 7 to be 2.64575
Computing sqrt of 7 to be 2.64575
Computing sqrt of 7 to be 2.64575
Computing sqrt of 7 to be 2.64575
Computing sqrt of 7 to be 2.64575
The square root of 7 is 2.64575
<end of output>
Test time =   0.00 sec
----------------------------------------------------------
Test Pass Reason:
Required regular expression found. Regex=[7 is 2.645]
"Comp7" end time: Feb 16 15:56 +05
"Comp7" time elapsed: 00:00:00
----------------------------------------------------------

7/9 Testing: Comp25
7/9 Test: Comp25
Command: "/home/ruslan/Examples/cxx/cmake/Help/guide/tutorial/Step9/Tutorial" "25"
Directory: /home/ruslan/Examples/cxx/cmake/Help/guide/tutorial/Step9
"Comp25" start time: Feb 16 15:56 +05
Output:
----------------------------------------------------------
Computing sqrt of 25 to be 13
Computing sqrt of 25 to be 7.46154
Computing sqrt of 25 to be 5.40603
Computing sqrt of 25 to be 5.01525
Computing sqrt of 25 to be 5.00002
Computing sqrt of 25 to be 5
Computing sqrt of 25 to be 5
Computing sqrt of 25 to be 5
Computing sqrt of 25 to be 5
Computing sqrt of 25 to be 5
The square root of 25 is 5
<end of output>
Test time =   0.00 sec
----------------------------------------------------------
Test Pass Reason:
Required regular expression found. Regex=[25 is 5]
"Comp25" end time: Feb 16 15:56 +05
"Comp25" time elapsed: 00:00:00
----------------------------------------------------------

8/9 Testing: Comp-25
8/9 Test: Comp-25
Command: "/home/ruslan/Examples/cxx/cmake/Help/guide/tutorial/Step9/Tutorial" "-25"
Directory: /home/ruslan/Examples/cxx/cmake/Help/guide/tutorial/Step9
"Comp-25" start time: Feb 16 15:56 +05
Output:
----------------------------------------------------------
The square root of -25 is 0
<end of output>
Test time =   0.00 sec
----------------------------------------------------------
Test Pass Reason:
Required regular expression found. Regex=[-25 is [-nan|nan|0]]
"Comp-25" end time: Feb 16 15:56 +05
"Comp-25" time elapsed: 00:00:00
----------------------------------------------------------

9/9 Testing: Comp0.0001
9/9 Test: Comp0.0001
Command: "/home/ruslan/Examples/cxx/cmake/Help/guide/tutorial/Step9/Tutorial" "0.0001"
Directory: /home/ruslan/Examples/cxx/cmake/Help/guide/tutorial/Step9
"Comp0.0001" start time: Feb 16 15:56 +05
Output:
----------------------------------------------------------
Computing sqrt of 0.0001 to be 0.50005
Computing sqrt of 0.0001 to be 0.250125
Computing sqrt of 0.0001 to be 0.125262
Computing sqrt of 0.0001 to be 0.0630304
Computing sqrt of 0.0001 to be 0.0323084
Computing sqrt of 0.0001 to be 0.0177018
Computing sqrt of 0.0001 to be 0.0116755
Computing sqrt of 0.0001 to be 0.0101202
Computing sqrt of 0.0001 to be 0.0100007
Computing sqrt of 0.0001 to be 0.01
The square root of 0.0001 is 0.01
<end of output>
Test time =   0.00 sec
----------------------------------------------------------
Test Pass Reason:
Required regular expression found. Regex=[0.0001 is 0.01]
"Comp0.0001" end time: Feb 16 15:56 +05
"Comp0.0001" time elapsed: 00:00:00
----------------------------------------------------------

End testing: Feb 16 15:56 +05
