<?xml version="1.0" encoding="UTF-8"?>
<Site BuildName="(empty)"
	BuildStamp="20200216-1054-Experimental"
	Name="(empty)"
	Generator="ctest-3.16.3"
	CompilerName=""
	CompilerVersion=""
	OSName="Linux"
	Hostname="ruslan"
	OSRelease="5.4.15-2-MANJARO"
	OSVersion="#1 SMP PREEMPT Mon Jan 27 17:27:50 UTC 2020"
	OSPlatform="x86_64"
	Is64Bits="1"
	VendorString="AuthenticAMD"
	VendorID="Advanced Micro Devices"
	FamilyID="23"
	ModelID="17"
	ProcessorCacheSize="512"
	NumberOfLogicalCPU="8"
	NumberOfPhysicalCPU="4"
	TotalVirtualMemory="0"
	TotalPhysicalMemory="6962"
	LogicalProcessorsPerPhysical="2"
	ProcessorClockFrequency="2178.01"
	>
	<Testing>
		<StartDateTime>Feb 16 15:54 +05</StartDateTime>
		<StartTestTime>1581850493</StartTestTime>
		<TestList/>
		<EndDateTime>Feb 16 15:54 +05</EndDateTime>
		<EndTestTime>1581850493</EndTestTime>
		<ElapsedMinutes>0</ElapsedMinutes>
	</Testing>
</Site>
